[error] Failed to fetch Firebase Project from Studio Workspace because WORKSPACE_SLUG environment variable is empty
[error] Failed to fetch Firebase Project from Studio Workspace because WORKSPACE_SLUG environment variable is empty
[error] Failed to fetch Firebase Project from Studio Workspace because WORKSPACE_SLUG environment variable is empty
[error] Failed to fetch Firebase Project from Studio Workspace because WORKSPACE_SLUG environment variable is empty
[debug] [2026-01-13T12:43:36.937Z] > command requires scopes: ["email","openid","https://www.googleapis.com/auth/cloudplatformprojects.readonly","https://www.googleapis.com/auth/firebase","https://www.googleapis.com/auth/cloud-platform","https://www.googleapis.com/auth/userinfo.email"]
[debug] [2026-01-13T12:43:36.939Z] > authorizing via signed-in user (jrodicio98@gmail.com)
[debug] [2026-01-13T12:43:36.940Z] Checked if tokens are valid: false, expires at: 1768252809902
[debug] [2026-01-13T12:43:36.941Z] Checked if tokens are valid: false, expires at: 1768252809902
[debug] [2026-01-13T12:43:36.941Z] > refreshing access token with scopes: []
[debug] [2026-01-13T12:43:36.943Z] >>> [apiv2][query] POST https://www.googleapis.com/oauth2/v3/token [none]
[debug] [2026-01-13T12:43:36.944Z] >>> [apiv2][body] POST https://www.googleapis.com/oauth2/v3/token [omitted]
[debug] [2026-01-13T12:43:36.972Z] > command requires scopes: ["email","openid","https://www.googleapis.com/auth/cloudplatformprojects.readonly","https://www.googleapis.com/auth/firebase","https://www.googleapis.com/auth/cloud-platform","https://www.googleapis.com/auth/userinfo.email"]
[debug] [2026-01-13T12:43:36.973Z] > authorizing via signed-in user (jrodicio98@gmail.com)
[debug] [2026-01-13T12:43:36.973Z] Checked if tokens are valid: false, expires at: 1768252809902
[debug] [2026-01-13T12:43:36.973Z] Checked if tokens are valid: false, expires at: 1768252809902
[debug] [2026-01-13T12:43:36.974Z] > refreshing access token with scopes: []
[debug] [2026-01-13T12:43:36.974Z] >>> [apiv2][query] POST https://www.googleapis.com/oauth2/v3/token [none]
[debug] [2026-01-13T12:43:36.974Z] >>> [apiv2][body] POST https://www.googleapis.com/oauth2/v3/token [omitted]
[debug] [2026-01-13T12:43:37.044Z] <<< [apiv2][status] POST https://www.googleapis.com/oauth2/v3/token 200
[debug] [2026-01-13T12:43:37.044Z] <<< [apiv2][body] POST https://www.googleapis.com/oauth2/v3/token [omitted]
[debug] [2026-01-13T12:43:37.070Z] >>> [apiv2][query] GET https://cloudbilling.googleapis.com/v1/projects/clouset-cs2/billingInfo [none]
[debug] [2026-01-13T12:43:37.095Z] <<< [apiv2][status] POST https://www.googleapis.com/oauth2/v3/token 200
[debug] [2026-01-13T12:43:37.096Z] <<< [apiv2][body] POST https://www.googleapis.com/oauth2/v3/token [omitted]
[debug] [2026-01-13T12:43:37.118Z] >>> [apiv2][query] GET https://cloudbilling.googleapis.com/v1/projects/clouset-cs2/billingInfo [none]
[debug] [2026-01-13T12:43:37.169Z] <<< [apiv2][status] GET https://cloudbilling.googleapis.com/v1/projects/clouset-cs2/billingInfo 200
[debug] [2026-01-13T12:43:37.169Z] <<< [apiv2][body] GET https://cloudbilling.googleapis.com/v1/projects/clouset-cs2/billingInfo {"name":"projects/clouset-cs2/billingInfo","projectId":"clouset-cs2","billingAccountName":"billingAccounts/013891-BB0A37-69E971","billingEnabled":true}
[debug] [2026-01-13T12:43:37.187Z] Checked if tokens are valid: true, expires at: 1768311816096
[debug] [2026-01-13T12:43:37.187Z] Checked if tokens are valid: true, expires at: 1768311816096
[debug] [2026-01-13T12:43:37.204Z] Checked if tokens are valid: true, expires at: 1768311816096
[debug] [2026-01-13T12:43:37.204Z] Checked if tokens are valid: true, expires at: 1768311816096
[debug] [2026-01-13T12:43:37.205Z] Checked if tokens are valid: true, expires at: 1768311816096
[debug] [2026-01-13T12:43:37.205Z] Checked if tokens are valid: true, expires at: 1768311816096
[debug] [2026-01-13T12:43:37.205Z] >>> [apiv2][query] GET https://serviceusage.googleapis.com/v1/projects/clouset-cs2/services/firebasedataconnect.googleapis.com [none]
[debug] [2026-01-13T12:43:37.205Z] >>> [apiv2][(partial)header] GET https://serviceusage.googleapis.com/v1/projects/clouset-cs2/services/firebasedataconnect.googleapis.com x-goog-quota-user=projects/clouset-cs2
[debug] [2026-01-13T12:43:37.207Z] >>> [apiv2][query] GET https://serviceusage.googleapis.com/v1/projects/clouset-cs2/services/firebaseapphosting.googleapis.com [none]
[debug] [2026-01-13T12:43:37.207Z] >>> [apiv2][(partial)header] GET https://serviceusage.googleapis.com/v1/projects/clouset-cs2/services/firebaseapphosting.googleapis.com x-goog-quota-user=projects/clouset-cs2
[debug] [2026-01-13T12:43:37.209Z] >>> [apiv2][query] GET https://serviceusage.googleapis.com/v1/projects/clouset-cs2/services/firebaseio.com [none]
[debug] [2026-01-13T12:43:37.210Z] >>> [apiv2][(partial)header] GET https://serviceusage.googleapis.com/v1/projects/clouset-cs2/services/firebaseio.com x-goog-quota-user=projects/clouset-cs2
[debug] [2026-01-13T12:43:37.265Z] <<< [apiv2][status] GET https://cloudbilling.googleapis.com/v1/projects/clouset-cs2/billingInfo 200
[debug] [2026-01-13T12:43:37.267Z] <<< [apiv2][body] GET https://cloudbilling.googleapis.com/v1/projects/clouset-cs2/billingInfo {"name":"projects/clouset-cs2/billingInfo","projectId":"clouset-cs2","billingAccountName":"billingAccounts/013891-BB0A37-69E971","billingEnabled":true}
[debug] [2026-01-13T12:43:37.274Z] Checked if tokens are valid: true, expires at: 1768311816096
[debug] [2026-01-13T12:43:37.274Z] Checked if tokens are valid: true, expires at: 1768311816096
[debug] [2026-01-13T12:43:37.291Z] Checked if tokens are valid: true, expires at: 1768311816096
[debug] [2026-01-13T12:43:37.291Z] Checked if tokens are valid: true, expires at: 1768311816096
[debug] [2026-01-13T12:43:37.291Z] Checked if tokens are valid: true, expires at: 1768311816096
[debug] [2026-01-13T12:43:37.291Z] Checked if tokens are valid: true, expires at: 1768311816096
[debug] [2026-01-13T12:43:37.292Z] >>> [apiv2][query] GET https://serviceusage.googleapis.com/v1/projects/clouset-cs2/services/firebasedataconnect.googleapis.com [none]
[debug] [2026-01-13T12:43:37.292Z] >>> [apiv2][(partial)header] GET https://serviceusage.googleapis.com/v1/projects/clouset-cs2/services/firebasedataconnect.googleapis.com x-goog-quota-user=projects/clouset-cs2
[debug] [2026-01-13T12:43:37.295Z] >>> [apiv2][query] GET https://serviceusage.googleapis.com/v1/projects/clouset-cs2/services/firebaseapphosting.googleapis.com [none]
[debug] [2026-01-13T12:43:37.295Z] >>> [apiv2][(partial)header] GET https://serviceusage.googleapis.com/v1/projects/clouset-cs2/services/firebaseapphosting.googleapis.com x-goog-quota-user=projects/clouset-cs2
[debug] [2026-01-13T12:43:37.298Z] >>> [apiv2][query] GET https://serviceusage.googleapis.com/v1/projects/clouset-cs2/services/firebaseio.com [none]
[debug] [2026-01-13T12:43:37.298Z] >>> [apiv2][(partial)header] GET https://serviceusage.googleapis.com/v1/projects/clouset-cs2/services/firebaseio.com x-goog-quota-user=projects/clouset-cs2
[debug] [2026-01-13T12:43:37.394Z] <<< [apiv2][status] GET https://serviceusage.googleapis.com/v1/projects/clouset-cs2/services/firebasedataconnect.googleapis.com 200
[debug] [2026-01-13T12:43:37.395Z] <<< [apiv2][body] GET https://serviceusage.googleapis.com/v1/projects/clouset-cs2/services/firebasedataconnect.googleapis.com [omitted]
[debug] [2026-01-13T12:43:37.400Z] <<< [apiv2][status] GET https://serviceusage.googleapis.com/v1/projects/clouset-cs2/services/firebaseio.com 403
[debug] [2026-01-13T12:43:37.400Z] <<< [apiv2][body] GET https://serviceusage.googleapis.com/v1/projects/clouset-cs2/services/firebaseio.com [omitted]
[debug] [2026-01-13T12:43:37.403Z] <<< [apiv2][status] GET https://serviceusage.googleapis.com/v1/projects/clouset-cs2/services/firebaseapphosting.googleapis.com 200
[debug] [2026-01-13T12:43:37.403Z] <<< [apiv2][body] GET https://serviceusage.googleapis.com/v1/projects/clouset-cs2/services/firebaseapphosting.googleapis.com [omitted]
[error] Failed to fetch Firebase Project from Studio Workspace because WORKSPACE_SLUG environment variable is empty
[error] Failed to fetch Firebase Project from Studio Workspace because WORKSPACE_SLUG environment variable is empty
[error] Failed to fetch Firebase Project from Studio Workspace because WORKSPACE_SLUG environment variable is empty
[debug] [2026-01-13T12:43:37.410Z] > command requires scopes: ["email","openid","https://www.googleapis.com/auth/cloudplatformprojects.readonly","https://www.googleapis.com/auth/firebase","https://www.googleapis.com/auth/cloud-platform","https://www.googleapis.com/auth/userinfo.email"]
[debug] [2026-01-13T12:43:37.410Z] > authorizing via signed-in user (jrodicio98@gmail.com)
[debug] [2026-01-13T12:43:37.410Z] Checked if tokens are valid: true, expires at: 1768311816096
[debug] [2026-01-13T12:43:37.410Z] Checked if tokens are valid: true, expires at: 1768311816096
[debug] [2026-01-13T12:43:37.411Z] >>> [apiv2][query] GET https://cloudbilling.googleapis.com/v1/projects/clouset-cs2/billingInfo [none]
[debug] [2026-01-13T12:43:37.453Z] <<< [apiv2][status] GET https://serviceusage.googleapis.com/v1/projects/clouset-cs2/services/firebasedataconnect.googleapis.com 200
[debug] [2026-01-13T12:43:37.453Z] <<< [apiv2][body] GET https://serviceusage.googleapis.com/v1/projects/clouset-cs2/services/firebasedataconnect.googleapis.com [omitted]
[debug] [2026-01-13T12:43:37.454Z] <<< [apiv2][status] GET https://serviceusage.googleapis.com/v1/projects/clouset-cs2/services/firebaseio.com 403
[debug] [2026-01-13T12:43:37.454Z] <<< [apiv2][body] GET https://serviceusage.googleapis.com/v1/projects/clouset-cs2/services/firebaseio.com [omitted]
[debug] [2026-01-13T12:43:37.488Z] <<< [apiv2][status] GET https://cloudbilling.googleapis.com/v1/projects/clouset-cs2/billingInfo 200
[debug] [2026-01-13T12:43:37.489Z] <<< [apiv2][body] GET https://cloudbilling.googleapis.com/v1/projects/clouset-cs2/billingInfo {"name":"projects/clouset-cs2/billingInfo","projectId":"clouset-cs2","billingAccountName":"billingAccounts/013891-BB0A37-69E971","billingEnabled":true}
[error] Failed to fetch Firebase Project from Studio Workspace because WORKSPACE_SLUG environment variable is empty
[debug] [2026-01-13T12:43:37.510Z] > command requires scopes: ["email","openid","https://www.googleapis.com/auth/cloudplatformprojects.readonly","https://www.googleapis.com/auth/firebase","https://www.googleapis.com/auth/cloud-platform","https://www.googleapis.com/auth/userinfo.email"]
[debug] [2026-01-13T12:43:37.514Z] > authorizing via signed-in user (jrodicio98@gmail.com)
[error] Failed to fetch Firebase Project from Studio Workspace because WORKSPACE_SLUG environment variable is empty
[error] Failed to fetch Firebase Project from Studio Workspace because WORKSPACE_SLUG environment variable is empty
[error] Failed to fetch Firebase Project from Studio Workspace because WORKSPACE_SLUG environment variable is empty
[error] Failed to fetch Firebase Project from Studio Workspace because WORKSPACE_SLUG environment variable is empty
[error] Failed to fetch Firebase Project from Studio Workspace because WORKSPACE_SLUG environment variable is empty
[error] Failed to fetch Firebase Project from Studio Workspace because WORKSPACE_SLUG environment variable is empty
[debug] [2026-01-13T12:43:37.549Z] > command requires scopes: ["email","openid","https://www.googleapis.com/auth/cloudplatformprojects.readonly","https://www.googleapis.com/auth/firebase","https://www.googleapis.com/auth/cloud-platform","https://www.googleapis.com/auth/userinfo.email"]
[debug] [2026-01-13T12:43:37.549Z] > authorizing via signed-in user (jrodicio98@gmail.com)
[debug] [2026-01-13T12:43:37.549Z] > command requires scopes: ["email","openid","https://www.googleapis.com/auth/cloudplatformprojects.readonly","https://www.googleapis.com/auth/firebase","https://www.googleapis.com/auth/cloud-platform","https://www.googleapis.com/auth/userinfo.email"]
[debug] [2026-01-13T12:43:37.549Z] > authorizing via signed-in user (jrodicio98@gmail.com)
[debug] [2026-01-13T12:43:37.549Z] Checked if tokens are valid: true, expires at: 1768311816096
[debug] [2026-01-13T12:43:37.549Z] Checked if tokens are valid: true, expires at: 1768311816096
[debug] [2026-01-13T12:43:37.549Z] Checked if tokens are valid: true, expires at: 1768311816096
[debug] [2026-01-13T12:43:37.549Z] Checked if tokens are valid: true, expires at: 1768311816096
[debug] [2026-01-13T12:43:37.552Z] >>> [apiv2][query] GET https://cloudbilling.googleapis.com/v1/projects/clouset-cs2/billingInfo [none]
[debug] [2026-01-13T12:43:37.553Z] >>> [apiv2][query] GET https://cloudbilling.googleapis.com/v1/projects/clouset-cs2/billingInfo [none]
[debug] [2026-01-13T12:43:37.589Z] <<< [apiv2][status] GET https://cloudbilling.googleapis.com/v1/projects/clouset-cs2/billingInfo 200
[debug] [2026-01-13T12:43:37.589Z] <<< [apiv2][body] GET https://cloudbilling.googleapis.com/v1/projects/clouset-cs2/billingInfo {"name":"projects/clouset-cs2/billingInfo","projectId":"clouset-cs2","billingAccountName":"billingAccounts/013891-BB0A37-69E971","billingEnabled":true}
[error] Failed to fetch Firebase Project from Studio Workspace because WORKSPACE_SLUG environment variable is empty
[debug] [2026-01-13T12:43:37.596Z] > command requires scopes: ["email","openid","https://www.googleapis.com/auth/cloudplatformprojects.readonly","https://www.googleapis.com/auth/firebase","https://www.googleapis.com/auth/cloud-platform","https://www.googleapis.com/auth/userinfo.email"]
[debug] [2026-01-13T12:43:37.597Z] > authorizing via signed-in user (jrodicio98@gmail.com)
[debug] [2026-01-13T12:43:37.613Z] <<< [apiv2][status] GET https://cloudbilling.googleapis.com/v1/projects/clouset-cs2/billingInfo 200
[debug] [2026-01-13T12:43:37.613Z] <<< [apiv2][body] GET https://cloudbilling.googleapis.com/v1/projects/clouset-cs2/billingInfo {"name":"projects/clouset-cs2/billingInfo","projectId":"clouset-cs2","billingAccountName":"billingAccounts/013891-BB0A37-69E971","billingEnabled":true}
[error] Failed to fetch Firebase Project from Studio Workspace because WORKSPACE_SLUG environment variable is empty
[debug] [2026-01-13T12:43:37.627Z] > command requires scopes: ["email","openid","https://www.googleapis.com/auth/cloudplatformprojects.readonly","https://www.googleapis.com/auth/firebase","https://www.googleapis.com/auth/cloud-platform","https://www.googleapis.com/auth/userinfo.email"]
[debug] [2026-01-13T12:43:37.627Z] > authorizing via signed-in user (jrodicio98@gmail.com)
[debug] [2026-01-13T12:43:37.749Z] <<< [apiv2][status] GET https://serviceusage.googleapis.com/v1/projects/clouset-cs2/services/firebaseapphosting.googleapis.com 200
[debug] [2026-01-13T12:43:37.749Z] <<< [apiv2][body] GET https://serviceusage.googleapis.com/v1/projects/clouset-cs2/services/firebaseapphosting.googleapis.com [omitted]
